ATT_SPAN_block_num=1
Filter_Strategy=True
Only_token_head=False
RANDOM_SEED=2022
accumulation_steps=1
bert_feature_dim=768
block_num=1
dataset=lap14
dataset_path=./datasets/ASTE-Data-V2-EMNLP2020/
device=cpu
do_lower_case=True
drop_out=0.1
embedding_dim4width=200
epochs=130
init_model=pretrained_models/bert-base-uncased
init_vocab=pretrained_models/bert-base-uncased
kl_loss=True
kl_loss_mode=KLLoss
kl_loss_weight=0.5
learning_rate=1e-05
max_seq_length=100
max_span_length=8
mode=train
model_dir=savemodel/
model_para_test=False
muti_gpu=False
order_input=True
output_path=triples.json
random_shuffle=0
related_span_block_num=1
related_span_underline=False
span_generation=CNN
task_learning_rate=0.0001
train_batch_size=16
warm_up=0.1
whether_warm_up=False
Starting to load the test set
Test set loading complete
Starting to load the training and validation sets
Training and validation sets loading complete
Epoch:0
('Loss:', 43053.22538757324)
('KL_Loss:', 255.5662840984748)
aspect precision: 0.6666666666666666	aspect recall: 0.18181818	aspect f1: 0.28571429
opinion precision: 1.0	opinion recall: 0.50000000	opinion f1: 0.66666667
APCE precision: 0.6666666666666666	APCE recall: 0.18181818	APCE f1: 0.28571429
pair precision: 0.4	pair recall: 0.11111111	pair f1: 0.17391304
triple precision: 0.4	triple recall: 0.11111111	triple f1: 0.17391304
Epoch:1
('Loss:', 13990.925079345703)
('KL_Loss:', 256.347343395376)
aspect precision: 0.6666666666666666	aspect recall: 0.54545455	aspect f1: 0.60000000
opinion precision: 1.0	opinion recall: 0.80000000	opinion f1: 0.88888889
APCE precision: 0.6666666666666666	APCE recall: 0.54545455	APCE f1: 0.60000000
pair precision: 0.45	pair recall: 0.50000000	pair f1: 0.47368421
triple precision: 0.45	triple recall: 0.50000000	triple f1: 0.47368421
Epoch:2
('Loss:', 10585.621604919434)
('KL_Loss:', 259.593739178762)
aspect precision: 0.6	aspect recall: 0.54545455	aspect f1: 0.57142857
opinion precision: 1.0	opinion recall: 0.90000000	opinion f1: 0.94736842
APCE precision: 0.6	APCE recall: 0.54545455	APCE f1: 0.57142857
pair precision: 0.4090909090909091	pair recall: 0.50000000	pair f1: 0.45000000
triple precision: 0.4090909090909091	triple recall: 0.50000000	triple f1: 0.45000000
Epoch:3
('Loss:', 8551.8832321167)
('KL_Loss:', 258.75885191966836)
aspect precision: 0.5555555555555556	aspect recall: 0.45454545	aspect f1: 0.50000000
opinion precision: 1.0	opinion recall: 0.90000000	opinion f1: 0.94736842
APCE precision: 0.5	APCE recall: 0.45454545	APCE f1: 0.47619048
pair precision: 0.4444444444444444	pair recall: 0.44444444	pair f1: 0.44444444
triple precision: 0.4444444444444444	triple recall: 0.44444444	triple f1: 0.44444444
Epoch:4
keyboard break
